CRITICAL - 2023-11-29 16:28:39 --> Call to undefined method App\Models\Barang_model::saveBarang
in SYSTEMPATH\Model.php on line 873.
 1 APPPATH\Controllers\Barang.php(33): CodeIgniter\Model->__call('saveBarang', [...])
 2 SYSTEMPATH\CodeIgniter.php(942): App\Controllers\Barang->add()
 3 SYSTEMPATH\CodeIgniter.php(502): CodeIgniter\CodeIgniter->runController(Object(App\Controllers\Barang))
 4 SYSTEMPATH\CodeIgniter.php(361): CodeIgniter\CodeIgniter->handleRequest(null, Object(Config\Cache), false)
 5 FCPATH\index.php(79): CodeIgniter\CodeIgniter->run()
 6 SYSTEMPATH\Commands\Server\rewrite.php(47): require_once('C:\\xampp\\htdocs\\tugas9\\codeigniter4-framework-a033985\\public\\index.php')
CRITICAL - 2023-11-29 16:28:42 --> Call to undefined method App\Models\Barang_model::saveBarang
in SYSTEMPATH\Model.php on line 873.
 1 APPPATH\Controllers\Barang.php(33): CodeIgniter\Model->__call('saveBarang', [...])
 2 SYSTEMPATH\CodeIgniter.php(942): App\Controllers\Barang->add()
 3 SYSTEMPATH\CodeIgniter.php(502): CodeIgniter\CodeIgniter->runController(Object(App\Controllers\Barang))
 4 SYSTEMPATH\CodeIgniter.php(361): CodeIgniter\CodeIgniter->handleRequest(null, Object(Config\Cache), false)
 5 FCPATH\index.php(79): CodeIgniter\CodeIgniter->run()
 6 SYSTEMPATH\Commands\Server\rewrite.php(47): require_once('C:\\xampp\\htdocs\\tugas9\\codeigniter4-framework-a033985\\public\\index.php')
ERROR - 2023-11-29 17:14:55 --> mysqli_sql_exception: Duplicate entry '0' for key 'PRIMARY' in C:\xampp\htdocs\tugas9\codeigniter4-framework-a033985\system\Database\MySQLi\Connection.php:306
Stack trace:
#0 C:\xampp\htdocs\tugas9\codeigniter4-framework-a033985\system\Database\MySQLi\Connection.php(306): mysqli->query('INSERT INTO `ba...', 0)
#1 C:\xampp\htdocs\tugas9\codeigniter4-framework-a033985\system\Database\BaseConnection.php(693): CodeIgniter\Database\MySQLi\Connection->execute('INSERT INTO `ba...')
#2 C:\xampp\htdocs\tugas9\codeigniter4-framework-a033985\system\Database\BaseConnection.php(607): CodeIgniter\Database\BaseConnection->simpleQuery('INSERT INTO `ba...')
#3 C:\xampp\htdocs\tugas9\codeigniter4-framework-a033985\system\Database\BaseBuilder.php(2308): CodeIgniter\Database\BaseConnection->query('INSERT INTO `ba...', Array, false)
#4 C:\xampp\htdocs\tugas9\codeigniter4-framework-a033985\app\Models\Barang_model.php(21): CodeIgniter\Database\BaseBuilder->insert(Array)
#5 C:\xampp\htdocs\tugas9\codeigniter4-framework-a033985\app\Controllers\Barang.php(35): App\Models\Barang_model->saveBarang(Array)
#6 C:\xampp\htdocs\tugas9\codeigniter4-framework-a033985\system\CodeIgniter.php(942): App\Controllers\Barang->add()
#7 C:\xampp\htdocs\tugas9\codeigniter4-framework-a033985\system\CodeIgniter.php(502): CodeIgniter\CodeIgniter->runController(Object(App\Controllers\Barang))
#8 C:\xampp\htdocs\tugas9\codeigniter4-framework-a033985\system\CodeIgniter.php(361): CodeIgniter\CodeIgniter->handleRequest(NULL, Object(Config\Cache), false)
#9 C:\xampp\htdocs\tugas9\codeigniter4-framework-a033985\public\index.php(79): CodeIgniter\CodeIgniter->run()
#10 C:\xampp\htdocs\tugas9\codeigniter4-framework-a033985\system\Commands\Server\rewrite.php(47): require_once('C:\\xampp\\htdocs...')
#11 {main}
CRITICAL - 2023-11-29 17:14:55 --> Duplicate entry '0' for key 'PRIMARY'
in SYSTEMPATH\Database\BaseConnection.php on line 647.
 1 SYSTEMPATH\Database\BaseBuilder.php(2308): CodeIgniter\Database\BaseConnection->query('INSERT INTO `barang` (`nama_barang`, `qty`, `harga_beli`, `harga_jual`) VALUES (:nama_barang:, :qty:, :harga_beli:, :harga_jual:)', [...], false)
 2 APPPATH\Models\Barang_model.php(21): CodeIgniter\Database\BaseBuilder->insert([...])
 3 APPPATH\Controllers\Barang.php(35): App\Models\Barang_model->saveBarang([...])
 4 SYSTEMPATH\CodeIgniter.php(942): App\Controllers\Barang->add()
 5 SYSTEMPATH\CodeIgniter.php(502): CodeIgniter\CodeIgniter->runController(Object(App\Controllers\Barang))
 6 SYSTEMPATH\CodeIgniter.php(361): CodeIgniter\CodeIgniter->handleRequest(null, Object(Config\Cache), false)
 7 FCPATH\index.php(79): CodeIgniter\CodeIgniter->run()
 8 SYSTEMPATH\Commands\Server\rewrite.php(47): require_once('C:\\xampp\\htdocs\\tugas9\\codeigniter4-framework-a033985\\public\\index.php')
ERROR - 2023-11-29 17:15:13 --> mysqli_sql_exception: Duplicate entry '0' for key 'PRIMARY' in C:\xampp\htdocs\tugas9\codeigniter4-framework-a033985\system\Database\MySQLi\Connection.php:306
Stack trace:
#0 C:\xampp\htdocs\tugas9\codeigniter4-framework-a033985\system\Database\MySQLi\Connection.php(306): mysqli->query('INSERT INTO `ba...', 0)
#1 C:\xampp\htdocs\tugas9\codeigniter4-framework-a033985\system\Database\BaseConnection.php(693): CodeIgniter\Database\MySQLi\Connection->execute('INSERT INTO `ba...')
#2 C:\xampp\htdocs\tugas9\codeigniter4-framework-a033985\system\Database\BaseConnection.php(607): CodeIgniter\Database\BaseConnection->simpleQuery('INSERT INTO `ba...')
#3 C:\xampp\htdocs\tugas9\codeigniter4-framework-a033985\system\Database\BaseBuilder.php(2308): CodeIgniter\Database\BaseConnection->query('INSERT INTO `ba...', Array, false)
#4 C:\xampp\htdocs\tugas9\codeigniter4-framework-a033985\app\Models\Barang_model.php(21): CodeIgniter\Database\BaseBuilder->insert(Array)
#5 C:\xampp\htdocs\tugas9\codeigniter4-framework-a033985\app\Controllers\Barang.php(35): App\Models\Barang_model->saveBarang(Array)
#6 C:\xampp\htdocs\tugas9\codeigniter4-framework-a033985\system\CodeIgniter.php(942): App\Controllers\Barang->add()
#7 C:\xampp\htdocs\tugas9\codeigniter4-framework-a033985\system\CodeIgniter.php(502): CodeIgniter\CodeIgniter->runController(Object(App\Controllers\Barang))
#8 C:\xampp\htdocs\tugas9\codeigniter4-framework-a033985\system\CodeIgniter.php(361): CodeIgniter\CodeIgniter->handleRequest(NULL, Object(Config\Cache), false)
#9 C:\xampp\htdocs\tugas9\codeigniter4-framework-a033985\public\index.php(79): CodeIgniter\CodeIgniter->run()
#10 C:\xampp\htdocs\tugas9\codeigniter4-framework-a033985\system\Commands\Server\rewrite.php(47): require_once('C:\\xampp\\htdocs...')
#11 {main}
CRITICAL - 2023-11-29 17:15:13 --> Duplicate entry '0' for key 'PRIMARY'
in SYSTEMPATH\Database\BaseConnection.php on line 647.
 1 SYSTEMPATH\Database\BaseBuilder.php(2308): CodeIgniter\Database\BaseConnection->query('INSERT INTO `barang` (`nama_barang`, `qty`, `harga_beli`, `harga_jual`) VALUES (:nama_barang:, :qty:, :harga_beli:, :harga_jual:)', [...], false)
 2 APPPATH\Models\Barang_model.php(21): CodeIgniter\Database\BaseBuilder->insert([...])
 3 APPPATH\Controllers\Barang.php(35): App\Models\Barang_model->saveBarang([...])
 4 SYSTEMPATH\CodeIgniter.php(942): App\Controllers\Barang->add()
 5 SYSTEMPATH\CodeIgniter.php(502): CodeIgniter\CodeIgniter->runController(Object(App\Controllers\Barang))
 6 SYSTEMPATH\CodeIgniter.php(361): CodeIgniter\CodeIgniter->handleRequest(null, Object(Config\Cache), false)
 7 FCPATH\index.php(79): CodeIgniter\CodeIgniter->run()
 8 SYSTEMPATH\Commands\Server\rewrite.php(47): require_once('C:\\xampp\\htdocs\\tugas9\\codeigniter4-framework-a033985\\public\\index.php')
ERROR - 2023-11-29 17:15:30 --> mysqli_sql_exception: Duplicate entry '0' for key 'PRIMARY' in C:\xampp\htdocs\tugas9\codeigniter4-framework-a033985\system\Database\MySQLi\Connection.php:306
Stack trace:
#0 C:\xampp\htdocs\tugas9\codeigniter4-framework-a033985\system\Database\MySQLi\Connection.php(306): mysqli->query('INSERT INTO `ba...', 0)
#1 C:\xampp\htdocs\tugas9\codeigniter4-framework-a033985\system\Database\BaseConnection.php(693): CodeIgniter\Database\MySQLi\Connection->execute('INSERT INTO `ba...')
#2 C:\xampp\htdocs\tugas9\codeigniter4-framework-a033985\system\Database\BaseConnection.php(607): CodeIgniter\Database\BaseConnection->simpleQuery('INSERT INTO `ba...')
#3 C:\xampp\htdocs\tugas9\codeigniter4-framework-a033985\system\Database\BaseBuilder.php(2308): CodeIgniter\Database\BaseConnection->query('INSERT INTO `ba...', Array, false)
#4 C:\xampp\htdocs\tugas9\codeigniter4-framework-a033985\app\Models\Barang_model.php(21): CodeIgniter\Database\BaseBuilder->insert(Array)
#5 C:\xampp\htdocs\tugas9\codeigniter4-framework-a033985\app\Controllers\Barang.php(35): App\Models\Barang_model->saveBarang(Array)
#6 C:\xampp\htdocs\tugas9\codeigniter4-framework-a033985\system\CodeIgniter.php(942): App\Controllers\Barang->add()
#7 C:\xampp\htdocs\tugas9\codeigniter4-framework-a033985\system\CodeIgniter.php(502): CodeIgniter\CodeIgniter->runController(Object(App\Controllers\Barang))
#8 C:\xampp\htdocs\tugas9\codeigniter4-framework-a033985\system\CodeIgniter.php(361): CodeIgniter\CodeIgniter->handleRequest(NULL, Object(Config\Cache), false)
#9 C:\xampp\htdocs\tugas9\codeigniter4-framework-a033985\public\index.php(79): CodeIgniter\CodeIgniter->run()
#10 C:\xampp\htdocs\tugas9\codeigniter4-framework-a033985\system\Commands\Server\rewrite.php(47): require_once('C:\\xampp\\htdocs...')
#11 {main}
CRITICAL - 2023-11-29 17:15:30 --> Duplicate entry '0' for key 'PRIMARY'
in SYSTEMPATH\Database\BaseConnection.php on line 647.
 1 SYSTEMPATH\Database\BaseBuilder.php(2308): CodeIgniter\Database\BaseConnection->query('INSERT INTO `barang` (`nama_barang`, `qty`, `harga_beli`, `harga_jual`) VALUES (:nama_barang:, :qty:, :harga_beli:, :harga_jual:)', [...], false)
 2 APPPATH\Models\Barang_model.php(21): CodeIgniter\Database\BaseBuilder->insert([...])
 3 APPPATH\Controllers\Barang.php(35): App\Models\Barang_model->saveBarang([...])
 4 SYSTEMPATH\CodeIgniter.php(942): App\Controllers\Barang->add()
 5 SYSTEMPATH\CodeIgniter.php(502): CodeIgniter\CodeIgniter->runController(Object(App\Controllers\Barang))
 6 SYSTEMPATH\CodeIgniter.php(361): CodeIgniter\CodeIgniter->handleRequest(null, Object(Config\Cache), false)
 7 FCPATH\index.php(79): CodeIgniter\CodeIgniter->run()
 8 SYSTEMPATH\Commands\Server\rewrite.php(47): require_once('C:\\xampp\\htdocs\\tugas9\\codeigniter4-framework-a033985\\public\\index.php')
ERROR - 2023-11-29 17:17:19 --> mysqli_sql_exception: Duplicate entry '0' for key 'PRIMARY' in C:\xampp\htdocs\tugas9\codeigniter4-framework-a033985\system\Database\MySQLi\Connection.php:306
Stack trace:
#0 C:\xampp\htdocs\tugas9\codeigniter4-framework-a033985\system\Database\MySQLi\Connection.php(306): mysqli->query('INSERT INTO `ba...', 0)
#1 C:\xampp\htdocs\tugas9\codeigniter4-framework-a033985\system\Database\BaseConnection.php(693): CodeIgniter\Database\MySQLi\Connection->execute('INSERT INTO `ba...')
#2 C:\xampp\htdocs\tugas9\codeigniter4-framework-a033985\system\Database\BaseConnection.php(607): CodeIgniter\Database\BaseConnection->simpleQuery('INSERT INTO `ba...')
#3 C:\xampp\htdocs\tugas9\codeigniter4-framework-a033985\system\Database\BaseBuilder.php(2308): CodeIgniter\Database\BaseConnection->query('INSERT INTO `ba...', Array, false)
#4 C:\xampp\htdocs\tugas9\codeigniter4-framework-a033985\app\Models\Barang_model.php(21): CodeIgniter\Database\BaseBuilder->insert(Array)
#5 C:\xampp\htdocs\tugas9\codeigniter4-framework-a033985\app\Controllers\Barang.php(35): App\Models\Barang_model->saveBarang(Array)
#6 C:\xampp\htdocs\tugas9\codeigniter4-framework-a033985\system\CodeIgniter.php(942): App\Controllers\Barang->add()
#7 C:\xampp\htdocs\tugas9\codeigniter4-framework-a033985\system\CodeIgniter.php(502): CodeIgniter\CodeIgniter->runController(Object(App\Controllers\Barang))
#8 C:\xampp\htdocs\tugas9\codeigniter4-framework-a033985\system\CodeIgniter.php(361): CodeIgniter\CodeIgniter->handleRequest(NULL, Object(Config\Cache), false)
#9 C:\xampp\htdocs\tugas9\codeigniter4-framework-a033985\public\index.php(79): CodeIgniter\CodeIgniter->run()
#10 C:\xampp\htdocs\tugas9\codeigniter4-framework-a033985\system\Commands\Server\rewrite.php(47): require_once('C:\\xampp\\htdocs...')
#11 {main}
CRITICAL - 2023-11-29 17:17:19 --> Duplicate entry '0' for key 'PRIMARY'
in SYSTEMPATH\Database\BaseConnection.php on line 647.
 1 SYSTEMPATH\Database\BaseBuilder.php(2308): CodeIgniter\Database\BaseConnection->query('INSERT INTO `barang` (`nama_barang`, `qty`, `harga_beli`, `harga_jual`) VALUES (:nama_barang:, :qty:, :harga_beli:, :harga_jual:)', [...], false)
 2 APPPATH\Models\Barang_model.php(21): CodeIgniter\Database\BaseBuilder->insert([...])
 3 APPPATH\Controllers\Barang.php(35): App\Models\Barang_model->saveBarang([...])
 4 SYSTEMPATH\CodeIgniter.php(942): App\Controllers\Barang->add()
 5 SYSTEMPATH\CodeIgniter.php(502): CodeIgniter\CodeIgniter->runController(Object(App\Controllers\Barang))
 6 SYSTEMPATH\CodeIgniter.php(361): CodeIgniter\CodeIgniter->handleRequest(null, Object(Config\Cache), false)
 7 FCPATH\index.php(79): CodeIgniter\CodeIgniter->run()
 8 SYSTEMPATH\Commands\Server\rewrite.php(47): require_once('C:\\xampp\\htdocs\\tugas9\\codeigniter4-framework-a033985\\public\\index.php')
ERROR - 2023-11-29 17:17:28 --> mysqli_sql_exception: Duplicate entry '0' for key 'PRIMARY' in C:\xampp\htdocs\tugas9\codeigniter4-framework-a033985\system\Database\MySQLi\Connection.php:306
Stack trace:
#0 C:\xampp\htdocs\tugas9\codeigniter4-framework-a033985\system\Database\MySQLi\Connection.php(306): mysqli->query('INSERT INTO `ba...', 0)
#1 C:\xampp\htdocs\tugas9\codeigniter4-framework-a033985\system\Database\BaseConnection.php(693): CodeIgniter\Database\MySQLi\Connection->execute('INSERT INTO `ba...')
#2 C:\xampp\htdocs\tugas9\codeigniter4-framework-a033985\system\Database\BaseConnection.php(607): CodeIgniter\Database\BaseConnection->simpleQuery('INSERT INTO `ba...')
#3 C:\xampp\htdocs\tugas9\codeigniter4-framework-a033985\system\Database\BaseBuilder.php(2308): CodeIgniter\Database\BaseConnection->query('INSERT INTO `ba...', Array, false)
#4 C:\xampp\htdocs\tugas9\codeigniter4-framework-a033985\app\Models\Barang_model.php(21): CodeIgniter\Database\BaseBuilder->insert(Array)
#5 C:\xampp\htdocs\tugas9\codeigniter4-framework-a033985\app\Controllers\Barang.php(35): App\Models\Barang_model->saveBarang(Array)
#6 C:\xampp\htdocs\tugas9\codeigniter4-framework-a033985\system\CodeIgniter.php(942): App\Controllers\Barang->add()
#7 C:\xampp\htdocs\tugas9\codeigniter4-framework-a033985\system\CodeIgniter.php(502): CodeIgniter\CodeIgniter->runController(Object(App\Controllers\Barang))
#8 C:\xampp\htdocs\tugas9\codeigniter4-framework-a033985\system\CodeIgniter.php(361): CodeIgniter\CodeIgniter->handleRequest(NULL, Object(Config\Cache), false)
#9 C:\xampp\htdocs\tugas9\codeigniter4-framework-a033985\public\index.php(79): CodeIgniter\CodeIgniter->run()
#10 C:\xampp\htdocs\tugas9\codeigniter4-framework-a033985\system\Commands\Server\rewrite.php(47): require_once('C:\\xampp\\htdocs...')
#11 {main}
CRITICAL - 2023-11-29 17:17:28 --> Duplicate entry '0' for key 'PRIMARY'
in SYSTEMPATH\Database\BaseConnection.php on line 647.
 1 SYSTEMPATH\Database\BaseBuilder.php(2308): CodeIgniter\Database\BaseConnection->query('INSERT INTO `barang` (`nama_barang`, `qty`, `harga_beli`, `harga_jual`) VALUES (:nama_barang:, :qty:, :harga_beli:, :harga_jual:)', [...], false)
 2 APPPATH\Models\Barang_model.php(21): CodeIgniter\Database\BaseBuilder->insert([...])
 3 APPPATH\Controllers\Barang.php(35): App\Models\Barang_model->saveBarang([...])
 4 SYSTEMPATH\CodeIgniter.php(942): App\Controllers\Barang->add()
 5 SYSTEMPATH\CodeIgniter.php(502): CodeIgniter\CodeIgniter->runController(Object(App\Controllers\Barang))
 6 SYSTEMPATH\CodeIgniter.php(361): CodeIgniter\CodeIgniter->handleRequest(null, Object(Config\Cache), false)
 7 FCPATH\index.php(79): CodeIgniter\CodeIgniter->run()
 8 SYSTEMPATH\Commands\Server\rewrite.php(47): require_once('C:\\xampp\\htdocs\\tugas9\\codeigniter4-framework-a033985\\public\\index.php')
ERROR - 2023-11-29 17:17:44 --> mysqli_sql_exception: Duplicate entry '0' for key 'PRIMARY' in C:\xampp\htdocs\tugas9\codeigniter4-framework-a033985\system\Database\MySQLi\Connection.php:306
Stack trace:
#0 C:\xampp\htdocs\tugas9\codeigniter4-framework-a033985\system\Database\MySQLi\Connection.php(306): mysqli->query('INSERT INTO `ba...', 0)
#1 C:\xampp\htdocs\tugas9\codeigniter4-framework-a033985\system\Database\BaseConnection.php(693): CodeIgniter\Database\MySQLi\Connection->execute('INSERT INTO `ba...')
#2 C:\xampp\htdocs\tugas9\codeigniter4-framework-a033985\system\Database\BaseConnection.php(607): CodeIgniter\Database\BaseConnection->simpleQuery('INSERT INTO `ba...')
#3 C:\xampp\htdocs\tugas9\codeigniter4-framework-a033985\system\Database\BaseBuilder.php(2308): CodeIgniter\Database\BaseConnection->query('INSERT INTO `ba...', Array, false)
#4 C:\xampp\htdocs\tugas9\codeigniter4-framework-a033985\app\Models\Barang_model.php(21): CodeIgniter\Database\BaseBuilder->insert(Array)
#5 C:\xampp\htdocs\tugas9\codeigniter4-framework-a033985\app\Controllers\Barang.php(35): App\Models\Barang_model->saveBarang(Array)
#6 C:\xampp\htdocs\tugas9\codeigniter4-framework-a033985\system\CodeIgniter.php(942): App\Controllers\Barang->add()
#7 C:\xampp\htdocs\tugas9\codeigniter4-framework-a033985\system\CodeIgniter.php(502): CodeIgniter\CodeIgniter->runController(Object(App\Controllers\Barang))
#8 C:\xampp\htdocs\tugas9\codeigniter4-framework-a033985\system\CodeIgniter.php(361): CodeIgniter\CodeIgniter->handleRequest(NULL, Object(Config\Cache), false)
#9 C:\xampp\htdocs\tugas9\codeigniter4-framework-a033985\public\index.php(79): CodeIgniter\CodeIgniter->run()
#10 C:\xampp\htdocs\tugas9\codeigniter4-framework-a033985\system\Commands\Server\rewrite.php(47): require_once('C:\\xampp\\htdocs...')
#11 {main}
CRITICAL - 2023-11-29 17:17:44 --> Duplicate entry '0' for key 'PRIMARY'
in SYSTEMPATH\Database\BaseConnection.php on line 647.
 1 SYSTEMPATH\Database\BaseBuilder.php(2308): CodeIgniter\Database\BaseConnection->query('INSERT INTO `barang` (`nama_barang`, `qty`, `harga_beli`, `harga_jual`) VALUES (:nama_barang:, :qty:, :harga_beli:, :harga_jual:)', [...], false)
 2 APPPATH\Models\Barang_model.php(21): CodeIgniter\Database\BaseBuilder->insert([...])
 3 APPPATH\Controllers\Barang.php(35): App\Models\Barang_model->saveBarang([...])
 4 SYSTEMPATH\CodeIgniter.php(942): App\Controllers\Barang->add()
 5 SYSTEMPATH\CodeIgniter.php(502): CodeIgniter\CodeIgniter->runController(Object(App\Controllers\Barang))
 6 SYSTEMPATH\CodeIgniter.php(361): CodeIgniter\CodeIgniter->handleRequest(null, Object(Config\Cache), false)
 7 FCPATH\index.php(79): CodeIgniter\CodeIgniter->run()
 8 SYSTEMPATH\Commands\Server\rewrite.php(47): require_once('C:\\xampp\\htdocs\\tugas9\\codeigniter4-framework-a033985\\public\\index.php')
